2021-09-24T16:51:13.779Z info: Checking gists since: 2021-09-24T16:41:09.307Z
2021-09-24T16:51:13.785Z info: Example app listening at http://localhost:3000
2021-09-24T16:51:15.703Z info: API rate limits remaining: 4809
2021-09-24T16:51:15.783Z info: Writing file to local system...
2021-09-24T16:51:15.784Z info: Calling python script...
2021-09-24T16:51:17.142Z info: Python script complete.
2021-09-24T16:51:17.212Z info: Writing file to local system...
2021-09-24T16:51:17.213Z info: Calling python script...
2021-09-24T16:51:18.494Z info: Python script complete.
2021-09-24T16:51:18.550Z info: Writing file to local system...
2021-09-24T16:51:18.551Z info: Calling python script...
2021-09-24T16:51:18.938Z info: Python script complete.
2021-09-24T16:51:19.083Z info: Writing file to local system...
2021-09-24T16:51:19.084Z info: Calling python script...
2021-09-24T16:51:19.566Z info: Python script complete.
2021-09-24T16:51:19.640Z info: Writing file to local system...
2021-09-24T16:51:19.641Z info: Calling python script...
2021-09-24T16:51:20.656Z info: Python script complete.
2021-09-24T16:51:20.712Z info: Writing file to local system...
2021-09-24T16:51:20.712Z info: Calling python script...
2021-09-24T16:51:21.090Z info: Python script complete.
2021-09-24T16:51:21.213Z info: Writing file to local system...
2021-09-24T16:51:21.214Z info: Calling python script...
2021-09-24T16:51:21.627Z info: Python script complete.
2021-09-24T16:51:21.685Z info: Writing file to local system...
2021-09-24T16:51:21.686Z info: Calling python script...
2021-09-24T16:51:22.092Z info: Python script complete.
2021-09-24T16:51:22.155Z info: Writing file to local system...
2021-09-24T16:51:22.156Z info: Calling python script...
2021-09-24T16:51:22.558Z info: Python script complete.
2021-09-24T16:51:22.617Z info: Writing file to local system...
2021-09-24T16:51:22.618Z info: Calling python script...
2021-09-24T16:51:23.049Z info: Python script complete.
2021-09-24T16:51:23.114Z info: Writing file to local system...
2021-09-24T16:51:34.741Z info: Checking gists since: 2021-09-24T16:41:09.307Z
2021-09-24T16:51:34.746Z info: Example app listening at http://localhost:3000
2021-09-24T16:51:36.368Z info: API rate limits remaining: 4808
2021-09-24T16:51:36.500Z info: Writing file to local system...
2021-09-24T16:51:36.997Z info: Writing file to local system...
2021-09-24T16:51:38.303Z info: Writing file to local system...
2021-09-24T16:51:58.746Z info: Checking gists since: 2021-09-24T16:41:09.307Z
2021-09-24T16:51:58.750Z info: Example app listening at http://localhost:3000
2021-09-24T16:52:00.493Z info: API rate limits remaining: 4807
